Jun 27, 2021 12:36:17 AM org.apache.catalina.core.ApplicationContext log
INFO: ContextListener: contextInitialized()
Jun 27, 2021 12:36:17 AM org.apache.catalina.core.ApplicationContext log
INFO: SessionListener: contextInitialized()
Jun 27, 2021 12:36:17 AM org.apache.catalina.core.ApplicationContext log
INFO: ContextListener: attributeAdded('StockTicker', 'async.Stockticker@66017a36')
Jun 27, 2021 12:36:17 AM org.apache.catalina.core.ApplicationContext log
INFO: ContextListener: attributeAdded('org.apache.jasper.compiler.TldLocationsCache', 'org.apache.jasper.compiler.TldLocationsCache@4e547bf6')
Jun 27, 2021 12:40:17 AM org.apache.catalina.core.ApplicationContext log
INFO: ContextListener: contextInitialized()
Jun 27, 2021 12:40:17 AM org.apache.catalina.core.ApplicationContext log
INFO: SessionListener: contextInitialized()
Jun 27, 2021 12:40:17 AM org.apache.catalina.core.ApplicationContext log
INFO: ContextListener: attributeAdded('StockTicker', 'async.Stockticker@5d1ac2de')
Jun 27, 2021 12:40:17 AM org.apache.catalina.core.ApplicationContext log
INFO: ContextListener: attributeAdded('org.apache.jasper.compiler.TldLocationsCache', 'org.apache.jasper.compiler.TldLocationsCache@685b482f')
Jun 27, 2021 12:47:01 AM org.apache.catalina.core.ApplicationContext log
INFO: ContextListener: contextInitialized()
Jun 27, 2021 12:47:01 AM org.apache.catalina.core.ApplicationContext log
INFO: SessionListener: contextInitialized()
Jun 27, 2021 12:47:01 AM org.apache.catalina.core.ApplicationContext log
INFO: ContextListener: attributeAdded('StockTicker', 'async.Stockticker@67faadcf')
Jun 27, 2021 12:47:01 AM org.apache.catalina.core.ApplicationContext log
INFO: ContextListener: attributeAdded('org.apache.jasper.compiler.TldLocationsCache', 'org.apache.jasper.compiler.TldLocationsCache@7b7a8dc7')
Jun 27, 2021 12:47:54 AM org.apache.catalina.session.StandardSession removeAttributeInternal
SEVERE: Session attribute event listener threw exception
java.lang.IllegalStateException: getAttribute: Session already invalidated
	at org.apache.catalina.session.StandardSession.getAttribute(StandardSession.java:1168)
	at org.apache.catalina.session.StandardSessionFacade.getAttribute(StandardSessionFacade.java:114)
	at timeSheet.UtilWeb.setupSession(UtilWeb.java:93)
	at timeSheet.UtilWeb.attributeRemoved(UtilWeb.java:83)
	at org.apache.catalina.session.StandardSession.removeAttributeInternal(StandardSession.java:1930)
	at org.apache.catalina.session.StandardSession.expire(StandardSession.java:867)
	at org.apache.catalina.session.StandardSession.expire(StandardSession.java:729)
	at org.apache.catalina.session.StandardSession.invalidate(StandardSession.java:1255)
	at org.apache.catalina.session.StandardSessionFacade.invalidate(StandardSessionFacade.java:182)
	at org.apache.jsp.install.success_jsp._jspService(success_jsp.java:110)
	at org.apache.jasper.runtime.HttpJspBase.service(HttpJspBase.java:71)
	at javax.servlet.http.HttpServlet.service(HttpServlet.java:728)
	at org.apache.jasper.servlet.JspServletWrapper.service(JspServletWrapper.java:477)
	at org.apache.jasper.servlet.JspServlet.serviceJspFile(JspServlet.java:395)
	at org.apache.jasper.servlet.JspServlet.service(JspServlet.java:339)
	at javax.servlet.http.HttpServlet.service(HttpServlet.java:728)
	at org.apache.catalina.core.ApplicationFilterChain.internalDoFilter(ApplicationFilterChain.java:303)
	at org.apache.catalina.core.ApplicationFilterChain.doFilter(ApplicationFilterChain.java:208)
	at org.apache.tomcat.websocket.server.WsFilter.doFilter(WsFilter.java:52)
	at org.apache.catalina.core.ApplicationFilterChain.internalDoFilter(ApplicationFilterChain.java:241)
	at org.apache.catalina.core.ApplicationFilterChain.doFilter(ApplicationFilterChain.java:208)
	at org.apache.catalina.core.StandardWrapperValve.invoke(StandardWrapperValve.java:219)
	at org.apache.catalina.core.StandardContextValve.invoke(StandardContextValve.java:110)
	at org.apache.catalina.authenticator.AuthenticatorBase.invoke(AuthenticatorBase.java:492)
	at org.apache.catalina.core.StandardHostValve.invoke(StandardHostValve.java:165)
	at org.apache.catalina.valves.ErrorReportValve.invoke(ErrorReportValve.java:104)
	at org.apache.catalina.valves.AccessLogValve.invoke(AccessLogValve.java:1025)
	at org.apache.catalina.core.StandardEngineValve.invoke(StandardEngineValve.java:116)
	at org.apache.catalina.connector.CoyoteAdapter.service(CoyoteAdapter.java:452)
	at org.apache.coyote.http11.AbstractHttp11Processor.process(AbstractHttp11Processor.java:1201)
	at org.apache.coyote.AbstractProtocol$AbstractConnectionHandler.process(AbstractProtocol.java:654)
	at org.apache.tomcat.util.net.JIoEndpoint$SocketProcessor.run(JIoEndpoint.java:319)
	at java.util.concurrent.ThreadPoolExecutor.runWorker(ThreadPoolExecutor.java:1149)
	at java.util.concurrent.ThreadPoolExecutor$Worker.run(ThreadPoolExecutor.java:624)
	at org.apache.tomcat.util.threads.TaskThread$WrappingRunnable.run(TaskThread.java:61)
	at java.lang.Thread.run(Thread.java:748)

Jun 27, 2021 2:05:49 AM org.apache.catalina.session.StandardSession removeAttributeInternal
SEVERE: Session attribute event listener threw exception
java.lang.IllegalStateException: getAttribute: Session already invalidated
	at org.apache.catalina.session.StandardSession.getAttribute(StandardSession.java:1168)
	at org.apache.catalina.session.StandardSessionFacade.getAttribute(StandardSessionFacade.java:114)
	at timeSheet.UtilWeb.setupSession(UtilWeb.java:93)
	at timeSheet.UtilWeb.attributeRemoved(UtilWeb.java:83)
	at org.apache.catalina.session.StandardSession.removeAttributeInternal(StandardSession.java:1930)
	at org.apache.catalina.session.StandardSession.expire(StandardSession.java:867)
	at org.apache.catalina.session.StandardSession.expire(StandardSession.java:729)
	at org.apache.catalina.session.StandardSession.invalidate(StandardSession.java:1255)
	at org.apache.catalina.session.StandardSessionFacade.invalidate(StandardSessionFacade.java:182)
	at org.apache.jsp.logout_jsp._jspService(logout_jsp.java:83)
	at org.apache.jasper.runtime.HttpJspBase.service(HttpJspBase.java:71)
	at javax.servlet.http.HttpServlet.service(HttpServlet.java:728)
	at org.apache.jasper.servlet.JspServletWrapper.service(JspServletWrapper.java:477)
	at org.apache.jasper.servlet.JspServlet.serviceJspFile(JspServlet.java:395)
	at org.apache.jasper.servlet.JspServlet.service(JspServlet.java:339)
	at javax.servlet.http.HttpServlet.service(HttpServlet.java:728)
	at org.apache.catalina.core.ApplicationFilterChain.internalDoFilter(ApplicationFilterChain.java:303)
	at org.apache.catalina.core.ApplicationFilterChain.doFilter(ApplicationFilterChain.java:208)
	at org.apache.tomcat.websocket.server.WsFilter.doFilter(WsFilter.java:52)
	at org.apache.catalina.core.ApplicationFilterChain.internalDoFilter(ApplicationFilterChain.java:241)
	at org.apache.catalina.core.ApplicationFilterChain.doFilter(ApplicationFilterChain.java:208)
	at org.apache.catalina.core.StandardWrapperValve.invoke(StandardWrapperValve.java:219)
	at org.apache.catalina.core.StandardContextValve.invoke(StandardContextValve.java:110)
	at org.apache.catalina.authenticator.AuthenticatorBase.invoke(AuthenticatorBase.java:492)
	at org.apache.catalina.core.StandardHostValve.invoke(StandardHostValve.java:165)
	at org.apache.catalina.valves.ErrorReportValve.invoke(ErrorReportValve.java:104)
	at org.apache.catalina.valves.AccessLogValve.invoke(AccessLogValve.java:1025)
	at org.apache.catalina.core.StandardEngineValve.invoke(StandardEngineValve.java:116)
	at org.apache.catalina.connector.CoyoteAdapter.service(CoyoteAdapter.java:452)
	at org.apache.coyote.http11.AbstractHttp11Processor.process(AbstractHttp11Processor.java:1201)
	at org.apache.coyote.AbstractProtocol$AbstractConnectionHandler.process(AbstractProtocol.java:654)
	at org.apache.tomcat.util.net.JIoEndpoint$SocketProcessor.run(JIoEndpoint.java:317)
	at java.util.concurrent.ThreadPoolExecutor.runWorker(ThreadPoolExecutor.java:1149)
	at java.util.concurrent.ThreadPoolExecutor$Worker.run(ThreadPoolExecutor.java:624)
	at org.apache.tomcat.util.threads.TaskThread$WrappingRunnable.run(TaskThread.java:61)
	at java.lang.Thread.run(Thread.java:748)

Jun 27, 2021 2:08:34 AM org.apache.catalina.session.StandardSession removeAttributeInternal
SEVERE: Session attribute event listener threw exception
java.lang.IllegalStateException: getAttribute: Session already invalidated
	at org.apache.catalina.session.StandardSession.getAttribute(StandardSession.java:1168)
	at org.apache.catalina.session.StandardSessionFacade.getAttribute(StandardSessionFacade.java:114)
	at timeSheet.UtilWeb.setupSession(UtilWeb.java:93)
	at timeSheet.UtilWeb.attributeRemoved(UtilWeb.java:83)
	at org.apache.catalina.session.StandardSession.removeAttributeInternal(StandardSession.java:1930)
	at org.apache.catalina.session.StandardSession.expire(StandardSession.java:867)
	at org.apache.catalina.session.StandardSession.expire(StandardSession.java:729)
	at org.apache.catalina.session.StandardSession.invalidate(StandardSession.java:1255)
	at org.apache.catalina.session.StandardSessionFacade.invalidate(StandardSessionFacade.java:182)
	at org.apache.jsp.logout_jsp._jspService(logout_jsp.java:83)
	at org.apache.jasper.runtime.HttpJspBase.service(HttpJspBase.java:71)
	at javax.servlet.http.HttpServlet.service(HttpServlet.java:728)
	at org.apache.jasper.servlet.JspServletWrapper.service(JspServletWrapper.java:477)
	at org.apache.jasper.servlet.JspServlet.serviceJspFile(JspServlet.java:395)
	at org.apache.jasper.servlet.JspServlet.service(JspServlet.java:339)
	at javax.servlet.http.HttpServlet.service(HttpServlet.java:728)
	at org.apache.catalina.core.ApplicationFilterChain.internalDoFilter(ApplicationFilterChain.java:303)
	at org.apache.catalina.core.ApplicationFilterChain.doFilter(ApplicationFilterChain.java:208)
	at org.apache.tomcat.websocket.server.WsFilter.doFilter(WsFilter.java:52)
	at org.apache.catalina.core.ApplicationFilterChain.internalDoFilter(ApplicationFilterChain.java:241)
	at org.apache.catalina.core.ApplicationFilterChain.doFilter(ApplicationFilterChain.java:208)
	at org.apache.catalina.core.StandardWrapperValve.invoke(StandardWrapperValve.java:219)
	at org.apache.catalina.core.StandardContextValve.invoke(StandardContextValve.java:110)
	at org.apache.catalina.authenticator.AuthenticatorBase.invoke(AuthenticatorBase.java:492)
	at org.apache.catalina.core.StandardHostValve.invoke(StandardHostValve.java:165)
	at org.apache.catalina.valves.ErrorReportValve.invoke(ErrorReportValve.java:104)
	at org.apache.catalina.valves.AccessLogValve.invoke(AccessLogValve.java:1025)
	at org.apache.catalina.core.StandardEngineValve.invoke(StandardEngineValve.java:116)
	at org.apache.catalina.connector.CoyoteAdapter.service(CoyoteAdapter.java:452)
	at org.apache.coyote.http11.AbstractHttp11Processor.process(AbstractHttp11Processor.java:1201)
	at org.apache.coyote.AbstractProtocol$AbstractConnectionHandler.process(AbstractProtocol.java:654)
	at org.apache.tomcat.util.net.JIoEndpoint$SocketProcessor.run(JIoEndpoint.java:319)
	at java.util.concurrent.ThreadPoolExecutor.runWorker(ThreadPoolExecutor.java:1149)
	at java.util.concurrent.ThreadPoolExecutor$Worker.run(ThreadPoolExecutor.java:624)
	at org.apache.tomcat.util.threads.TaskThread$WrappingRunnable.run(TaskThread.java:61)
	at java.lang.Thread.run(Thread.java:748)

Jun 27, 2021 2:09:04 AM org.apache.catalina.session.StandardSession removeAttributeInternal
SEVERE: Session attribute event listener threw exception
java.lang.IllegalStateException: getAttribute: Session already invalidated
	at org.apache.catalina.session.StandardSession.getAttribute(StandardSession.java:1168)
	at org.apache.catalina.session.StandardSessionFacade.getAttribute(StandardSessionFacade.java:114)
	at timeSheet.UtilWeb.setupSession(UtilWeb.java:93)
	at timeSheet.UtilWeb.attributeRemoved(UtilWeb.java:83)
	at org.apache.catalina.session.StandardSession.removeAttributeInternal(StandardSession.java:1930)
	at org.apache.catalina.session.StandardSession.expire(StandardSession.java:867)
	at org.apache.catalina.session.StandardSession.expire(StandardSession.java:729)
	at org.apache.catalina.session.StandardSession.invalidate(StandardSession.java:1255)
	at org.apache.catalina.session.StandardSessionFacade.invalidate(StandardSessionFacade.java:182)
	at org.apache.jsp.logout_jsp._jspService(logout_jsp.java:83)
	at org.apache.jasper.runtime.HttpJspBase.service(HttpJspBase.java:71)
	at javax.servlet.http.HttpServlet.service(HttpServlet.java:728)
	at org.apache.jasper.servlet.JspServletWrapper.service(JspServletWrapper.java:477)
	at org.apache.jasper.servlet.JspServlet.serviceJspFile(JspServlet.java:395)
	at org.apache.jasper.servlet.JspServlet.service(JspServlet.java:339)
	at javax.servlet.http.HttpServlet.service(HttpServlet.java:728)
	at org.apache.catalina.core.ApplicationFilterChain.internalDoFilter(ApplicationFilterChain.java:303)
	at org.apache.catalina.core.ApplicationFilterChain.doFilter(ApplicationFilterChain.java:208)
	at org.apache.tomcat.websocket.server.WsFilter.doFilter(WsFilter.java:52)
	at org.apache.catalina.core.ApplicationFilterChain.internalDoFilter(ApplicationFilterChain.java:241)
	at org.apache.catalina.core.ApplicationFilterChain.doFilter(ApplicationFilterChain.java:208)
	at org.apache.catalina.core.StandardWrapperValve.invoke(StandardWrapperValve.java:219)
	at org.apache.catalina.core.StandardContextValve.invoke(StandardContextValve.java:110)
	at org.apache.catalina.authenticator.AuthenticatorBase.invoke(AuthenticatorBase.java:492)
	at org.apache.catalina.core.StandardHostValve.invoke(StandardHostValve.java:165)
	at org.apache.catalina.valves.ErrorReportValve.invoke(ErrorReportValve.java:104)
	at org.apache.catalina.valves.AccessLogValve.invoke(AccessLogValve.java:1025)
	at org.apache.catalina.core.StandardEngineValve.invoke(StandardEngineValve.java:116)
	at org.apache.catalina.connector.CoyoteAdapter.service(CoyoteAdapter.java:452)
	at org.apache.coyote.http11.AbstractHttp11Processor.process(AbstractHttp11Processor.java:1201)
	at org.apache.coyote.AbstractProtocol$AbstractConnectionHandler.process(AbstractProtocol.java:654)
	at org.apache.tomcat.util.net.JIoEndpoint$SocketProcessor.run(JIoEndpoint.java:319)
	at java.util.concurrent.ThreadPoolExecutor.runWorker(ThreadPoolExecutor.java:1149)
	at java.util.concurrent.ThreadPoolExecutor$Worker.run(ThreadPoolExecutor.java:624)
	at org.apache.tomcat.util.threads.TaskThread$WrappingRunnable.run(TaskThread.java:61)
	at java.lang.Thread.run(Thread.java:748)

Jun 27, 2021 2:09:19 AM org.apache.catalina.session.StandardSession removeAttributeInternal
SEVERE: Session attribute event listener threw exception
java.lang.IllegalStateException: getAttribute: Session already invalidated
	at org.apache.catalina.session.StandardSession.getAttribute(StandardSession.java:1168)
	at org.apache.catalina.session.StandardSessionFacade.getAttribute(StandardSessionFacade.java:114)
	at timeSheet.UtilWeb.setupSession(UtilWeb.java:93)
	at timeSheet.UtilWeb.attributeRemoved(UtilWeb.java:83)
	at org.apache.catalina.session.StandardSession.removeAttributeInternal(StandardSession.java:1930)
	at org.apache.catalina.session.StandardSession.expire(StandardSession.java:867)
	at org.apache.catalina.session.StandardSession.expire(StandardSession.java:729)
	at org.apache.catalina.session.StandardSession.invalidate(StandardSession.java:1255)
	at org.apache.catalina.session.StandardSessionFacade.invalidate(StandardSessionFacade.java:182)
	at org.apache.jsp.logout_jsp._jspService(logout_jsp.java:83)
	at org.apache.jasper.runtime.HttpJspBase.service(HttpJspBase.java:71)
	at javax.servlet.http.HttpServlet.service(HttpServlet.java:728)
	at org.apache.jasper.servlet.JspServletWrapper.service(JspServletWrapper.java:477)
	at org.apache.jasper.servlet.JspServlet.serviceJspFile(JspServlet.java:395)
	at org.apache.jasper.servlet.JspServlet.service(JspServlet.java:339)
	at javax.servlet.http.HttpServlet.service(HttpServlet.java:728)
	at org.apache.catalina.core.ApplicationFilterChain.internalDoFilter(ApplicationFilterChain.java:303)
	at org.apache.catalina.core.ApplicationFilterChain.doFilter(ApplicationFilterChain.java:208)
	at org.apache.tomcat.websocket.server.WsFilter.doFilter(WsFilter.java:52)
	at org.apache.catalina.core.ApplicationFilterChain.internalDoFilter(ApplicationFilterChain.java:241)
	at org.apache.catalina.core.ApplicationFilterChain.doFilter(ApplicationFilterChain.java:208)
	at org.apache.catalina.core.StandardWrapperValve.invoke(StandardWrapperValve.java:219)
	at org.apache.catalina.core.StandardContextValve.invoke(StandardContextValve.java:110)
	at org.apache.catalina.authenticator.AuthenticatorBase.invoke(AuthenticatorBase.java:492)
	at org.apache.catalina.core.StandardHostValve.invoke(StandardHostValve.java:165)
	at org.apache.catalina.valves.ErrorReportValve.invoke(ErrorReportValve.java:104)
	at org.apache.catalina.valves.AccessLogValve.invoke(AccessLogValve.java:1025)
	at org.apache.catalina.core.StandardEngineValve.invoke(StandardEngineValve.java:116)
	at org.apache.catalina.connector.CoyoteAdapter.service(CoyoteAdapter.java:452)
	at org.apache.coyote.http11.AbstractHttp11Processor.process(AbstractHttp11Processor.java:1201)
	at org.apache.coyote.AbstractProtocol$AbstractConnectionHandler.process(AbstractProtocol.java:654)
	at org.apache.tomcat.util.net.JIoEndpoint$SocketProcessor.run(JIoEndpoint.java:319)
	at java.util.concurrent.ThreadPoolExecutor.runWorker(ThreadPoolExecutor.java:1149)
	at java.util.concurrent.ThreadPoolExecutor$Worker.run(ThreadPoolExecutor.java:624)
	at org.apache.tomcat.util.threads.TaskThread$WrappingRunnable.run(TaskThread.java:61)
	at java.lang.Thread.run(Thread.java:748)

Jun 27, 2021 2:10:52 AM org.apache.catalina.session.StandardSession removeAttributeInternal
SEVERE: Session attribute event listener threw exception
java.lang.IllegalStateException: getAttribute: Session already invalidated
	at org.apache.catalina.session.StandardSession.getAttribute(StandardSession.java:1168)
	at org.apache.catalina.session.StandardSessionFacade.getAttribute(StandardSessionFacade.java:114)
	at timeSheet.UtilWeb.setupSession(UtilWeb.java:93)
	at timeSheet.UtilWeb.attributeRemoved(UtilWeb.java:83)
	at org.apache.catalina.session.StandardSession.removeAttributeInternal(StandardSession.java:1930)
	at org.apache.catalina.session.StandardSession.expire(StandardSession.java:867)
	at org.apache.catalina.session.StandardSession.expire(StandardSession.java:729)
	at org.apache.catalina.session.StandardSession.invalidate(StandardSession.java:1255)
	at org.apache.catalina.session.StandardSessionFacade.invalidate(StandardSessionFacade.java:182)
	at org.apache.jsp.logout_jsp._jspService(logout_jsp.java:83)
	at org.apache.jasper.runtime.HttpJspBase.service(HttpJspBase.java:71)
	at javax.servlet.http.HttpServlet.service(HttpServlet.java:728)
	at org.apache.jasper.servlet.JspServletWrapper.service(JspServletWrapper.java:477)
	at org.apache.jasper.servlet.JspServlet.serviceJspFile(JspServlet.java:395)
	at org.apache.jasper.servlet.JspServlet.service(JspServlet.java:339)
	at javax.servlet.http.HttpServlet.service(HttpServlet.java:728)
	at org.apache.catalina.core.ApplicationFilterChain.internalDoFilter(ApplicationFilterChain.java:303)
	at org.apache.catalina.core.ApplicationFilterChain.doFilter(ApplicationFilterChain.java:208)
	at org.apache.tomcat.websocket.server.WsFilter.doFilter(WsFilter.java:52)
	at org.apache.catalina.core.ApplicationFilterChain.internalDoFilter(ApplicationFilterChain.java:241)
	at org.apache.catalina.core.ApplicationFilterChain.doFilter(ApplicationFilterChain.java:208)
	at org.apache.catalina.core.StandardWrapperValve.invoke(StandardWrapperValve.java:219)
	at org.apache.catalina.core.StandardContextValve.invoke(StandardContextValve.java:110)
	at org.apache.catalina.authenticator.AuthenticatorBase.invoke(AuthenticatorBase.java:492)
	at org.apache.catalina.core.StandardHostValve.invoke(StandardHostValve.java:165)
	at org.apache.catalina.valves.ErrorReportValve.invoke(ErrorReportValve.java:104)
	at org.apache.catalina.valves.AccessLogValve.invoke(AccessLogValve.java:1025)
	at org.apache.catalina.core.StandardEngineValve.invoke(StandardEngineValve.java:116)
	at org.apache.catalina.connector.CoyoteAdapter.service(CoyoteAdapter.java:452)
	at org.apache.coyote.http11.AbstractHttp11Processor.process(AbstractHttp11Processor.java:1201)
	at org.apache.coyote.AbstractProtocol$AbstractConnectionHandler.process(AbstractProtocol.java:654)
	at org.apache.tomcat.util.net.JIoEndpoint$SocketProcessor.run(JIoEndpoint.java:319)
	at java.util.concurrent.ThreadPoolExecutor.runWorker(ThreadPoolExecutor.java:1149)
	at java.util.concurrent.ThreadPoolExecutor$Worker.run(ThreadPoolExecutor.java:624)
	at org.apache.tomcat.util.threads.TaskThread$WrappingRunnable.run(TaskThread.java:61)
	at java.lang.Thread.run(Thread.java:748)

Jun 27, 2021 2:11:12 AM org.apache.catalina.session.StandardSession removeAttributeInternal
SEVERE: Session attribute event listener threw exception
java.lang.IllegalStateException: getAttribute: Session already invalidated
	at org.apache.catalina.session.StandardSession.getAttribute(StandardSession.java:1168)
	at org.apache.catalina.session.StandardSessionFacade.getAttribute(StandardSessionFacade.java:114)
	at timeSheet.UtilWeb.setupSession(UtilWeb.java:93)
	at timeSheet.UtilWeb.attributeRemoved(UtilWeb.java:83)
	at org.apache.catalina.session.StandardSession.removeAttributeInternal(StandardSession.java:1930)
	at org.apache.catalina.session.StandardSession.expire(StandardSession.java:867)
	at org.apache.catalina.session.StandardSession.expire(StandardSession.java:729)
	at org.apache.catalina.session.StandardSession.invalidate(StandardSession.java:1255)
	at org.apache.catalina.session.StandardSessionFacade.invalidate(StandardSessionFacade.java:182)
	at org.apache.jsp.logout_jsp._jspService(logout_jsp.java:83)
	at org.apache.jasper.runtime.HttpJspBase.service(HttpJspBase.java:71)
	at javax.servlet.http.HttpServlet.service(HttpServlet.java:728)
	at org.apache.jasper.servlet.JspServletWrapper.service(JspServletWrapper.java:477)
	at org.apache.jasper.servlet.JspServlet.serviceJspFile(JspServlet.java:395)
	at org.apache.jasper.servlet.JspServlet.service(JspServlet.java:339)
	at javax.servlet.http.HttpServlet.service(HttpServlet.java:728)
	at org.apache.catalina.core.ApplicationFilterChain.internalDoFilter(ApplicationFilterChain.java:303)
	at org.apache.catalina.core.ApplicationFilterChain.doFilter(ApplicationFilterChain.java:208)
	at org.apache.tomcat.websocket.server.WsFilter.doFilter(WsFilter.java:52)
	at org.apache.catalina.core.ApplicationFilterChain.internalDoFilter(ApplicationFilterChain.java:241)
	at org.apache.catalina.core.ApplicationFilterChain.doFilter(ApplicationFilterChain.java:208)
	at org.apache.catalina.core.StandardWrapperValve.invoke(StandardWrapperValve.java:219)
	at org.apache.catalina.core.StandardContextValve.invoke(StandardContextValve.java:110)
	at org.apache.catalina.authenticator.AuthenticatorBase.invoke(AuthenticatorBase.java:492)
	at org.apache.catalina.core.StandardHostValve.invoke(StandardHostValve.java:165)
	at org.apache.catalina.valves.ErrorReportValve.invoke(ErrorReportValve.java:104)
	at org.apache.catalina.valves.AccessLogValve.invoke(AccessLogValve.java:1025)
	at org.apache.catalina.core.StandardEngineValve.invoke(StandardEngineValve.java:116)
	at org.apache.catalina.connector.CoyoteAdapter.service(CoyoteAdapter.java:452)
	at org.apache.coyote.http11.AbstractHttp11Processor.process(AbstractHttp11Processor.java:1201)
	at org.apache.coyote.AbstractProtocol$AbstractConnectionHandler.process(AbstractProtocol.java:654)
	at org.apache.tomcat.util.net.JIoEndpoint$SocketProcessor.run(JIoEndpoint.java:319)
	at java.util.concurrent.ThreadPoolExecutor.runWorker(ThreadPoolExecutor.java:1149)
	at java.util.concurrent.ThreadPoolExecutor$Worker.run(ThreadPoolExecutor.java:624)
	at org.apache.tomcat.util.threads.TaskThread$WrappingRunnable.run(TaskThread.java:61)
	at java.lang.Thread.run(Thread.java:748)

Jun 27, 2021 2:11:19 AM org.apache.catalina.core.StandardWrapperValve invoke
SEVERE: Servlet.service() for servlet [jsp] in context with path [/PaySystem] threw exception [java.lang.NumberFormatException: For input string: ""] with root cause
java.lang.NumberFormatException: For input string: ""
	at java.lang.NumberFormatException.forInputString(NumberFormatException.java:65)
	at java.lang.Integer.parseInt(Integer.java:592)
	at java.lang.Integer.parseInt(Integer.java:615)
	at org.apache.jsp.library.ajaxGetTimePeriodCalendar_jsp._jspService(ajaxGetTimePeriodCalendar_jsp.java:104)
	at org.apache.jasper.runtime.HttpJspBase.service(HttpJspBase.java:71)
	at javax.servlet.http.HttpServlet.service(HttpServlet.java:728)
	at org.apache.jasper.servlet.JspServletWrapper.service(JspServletWrapper.java:477)
	at org.apache.jasper.servlet.JspServlet.serviceJspFile(JspServlet.java:395)
	at org.apache.jasper.servlet.JspServlet.service(JspServlet.java:339)
	at javax.servlet.http.HttpServlet.service(HttpServlet.java:728)
	at org.apache.catalina.core.ApplicationFilterChain.internalDoFilter(ApplicationFilterChain.java:303)
	at org.apache.catalina.core.ApplicationFilterChain.doFilter(ApplicationFilterChain.java:208)
	at org.apache.tomcat.websocket.server.WsFilter.doFilter(WsFilter.java:52)
	at org.apache.catalina.core.ApplicationFilterChain.internalDoFilter(ApplicationFilterChain.java:241)
	at org.apache.catalina.core.ApplicationFilterChain.doFilter(ApplicationFilterChain.java:208)
	at org.apache.catalina.core.StandardWrapperValve.invoke(StandardWrapperValve.java:219)
	at org.apache.catalina.core.StandardContextValve.invoke(StandardContextValve.java:110)
	at org.apache.catalina.authenticator.AuthenticatorBase.invoke(AuthenticatorBase.java:492)
	at org.apache.catalina.core.StandardHostValve.invoke(StandardHostValve.java:165)
	at org.apache.catalina.valves.ErrorReportValve.invoke(ErrorReportValve.java:104)
	at org.apache.catalina.valves.AccessLogValve.invoke(AccessLogValve.java:1025)
	at org.apache.catalina.core.StandardEngineValve.invoke(StandardEngineValve.java:116)
	at org.apache.catalina.connector.CoyoteAdapter.service(CoyoteAdapter.java:452)
	at org.apache.coyote.http11.AbstractHttp11Processor.process(AbstractHttp11Processor.java:1201)
	at org.apache.coyote.AbstractProtocol$AbstractConnectionHandler.process(AbstractProtocol.java:654)
	at org.apache.tomcat.util.net.JIoEndpoint$SocketProcessor.run(JIoEndpoint.java:319)
	at java.util.concurrent.ThreadPoolExecutor.runWorker(ThreadPoolExecutor.java:1149)
	at java.util.concurrent.ThreadPoolExecutor$Worker.run(ThreadPoolExecutor.java:624)
	at org.apache.tomcat.util.threads.TaskThread$WrappingRunnable.run(TaskThread.java:61)
	at java.lang.Thread.run(Thread.java:748)

Jun 27, 2021 2:11:25 AM org.apache.catalina.session.StandardSession removeAttributeInternal
SEVERE: Session attribute event listener threw exception
java.lang.IllegalStateException: getAttribute: Session already invalidated
	at org.apache.catalina.session.StandardSession.getAttribute(StandardSession.java:1168)
	at org.apache.catalina.session.StandardSessionFacade.getAttribute(StandardSessionFacade.java:114)
	at timeSheet.UtilWeb.setupSession(UtilWeb.java:93)
	at timeSheet.UtilWeb.attributeRemoved(UtilWeb.java:83)
	at org.apache.catalina.session.StandardSession.removeAttributeInternal(StandardSession.java:1930)
	at org.apache.catalina.session.StandardSession.expire(StandardSession.java:867)
	at org.apache.catalina.session.StandardSession.expire(StandardSession.java:729)
	at org.apache.catalina.session.StandardSession.invalidate(StandardSession.java:1255)
	at org.apache.catalina.session.StandardSessionFacade.invalidate(StandardSessionFacade.java:182)
	at org.apache.jsp.logout_jsp._jspService(logout_jsp.java:83)
	at org.apache.jasper.runtime.HttpJspBase.service(HttpJspBase.java:71)
	at javax.servlet.http.HttpServlet.service(HttpServlet.java:728)
	at org.apache.jasper.servlet.JspServletWrapper.service(JspServletWrapper.java:477)
	at org.apache.jasper.servlet.JspServlet.serviceJspFile(JspServlet.java:395)
	at org.apache.jasper.servlet.JspServlet.service(JspServlet.java:339)
	at javax.servlet.http.HttpServlet.service(HttpServlet.java:728)
	at org.apache.catalina.core.ApplicationFilterChain.internalDoFilter(ApplicationFilterChain.java:303)
	at org.apache.catalina.core.ApplicationFilterChain.doFilter(ApplicationFilterChain.java:208)
	at org.apache.tomcat.websocket.server.WsFilter.doFilter(WsFilter.java:52)
	at org.apache.catalina.core.ApplicationFilterChain.internalDoFilter(ApplicationFilterChain.java:241)
	at org.apache.catalina.core.ApplicationFilterChain.doFilter(ApplicationFilterChain.java:208)
	at org.apache.catalina.core.StandardWrapperValve.invoke(StandardWrapperValve.java:219)
	at org.apache.catalina.core.StandardContextValve.invoke(StandardContextValve.java:110)
	at org.apache.catalina.authenticator.AuthenticatorBase.invoke(AuthenticatorBase.java:492)
	at org.apache.catalina.core.StandardHostValve.invoke(StandardHostValve.java:165)
	at org.apache.catalina.valves.ErrorReportValve.invoke(ErrorReportValve.java:104)
	at org.apache.catalina.valves.AccessLogValve.invoke(AccessLogValve.java:1025)
	at org.apache.catalina.core.StandardEngineValve.invoke(StandardEngineValve.java:116)
	at org.apache.catalina.connector.CoyoteAdapter.service(CoyoteAdapter.java:452)
	at org.apache.coyote.http11.AbstractHttp11Processor.process(AbstractHttp11Processor.java:1201)
	at org.apache.coyote.AbstractProtocol$AbstractConnectionHandler.process(AbstractProtocol.java:654)
	at org.apache.tomcat.util.net.JIoEndpoint$SocketProcessor.run(JIoEndpoint.java:317)
	at java.util.concurrent.ThreadPoolExecutor.runWorker(ThreadPoolExecutor.java:1149)
	at java.util.concurrent.ThreadPoolExecutor$Worker.run(ThreadPoolExecutor.java:624)
	at org.apache.tomcat.util.threads.TaskThread$WrappingRunnable.run(TaskThread.java:61)
	at java.lang.Thread.run(Thread.java:748)

